(0000) 4000  0100000000000000 (   1)                 .ORIG x4000
(4000) 5260  0101001001100000 (   3)                 AND   R1 R1 #0
(4001) 54A0  0101010010100000 (   4)                 AND   R2 R2 #0
(4002) 56E0  0101011011100000 (   5)                 AND   R3 R3 #0
(4003) 5920  0101100100100000 (   6)                 AND   R4 R4 #0
(4004) E020  1110000000100000 (   9) LOOP            LEA   R0 Label1
(4005) F022  1111000000100010 (  10)                 TRAP  x22
(4006) 5260  0101001001100000 (  11)                 AND   R1 R1 #0
(4007) 54A0  0101010010100000 (  12)                 AND   R2 R2 #0
(4008) 56E0  0101011011100000 (  13)                 AND   R3 R3 #0
(4009) 5920  0101100100100000 (  14)                 AND   R4 R4 #0
(400A) F023  1111000000100011 (  17)                 TRAP  x23
(400B) 1240  0001001001000000 (  18)                 ADD   R1 R1 R0
(400C) 1271  0001001001110001 (  21)                 ADD   R1 R1 #-15
(400D) 1271  0001001001110001 (  22)                 ADD   R1 R1 #-15
(400E) 1271  0001001001110001 (  23)                 ADD   R1 R1 #-15
(400F) 127D  0001001001111101 (  24)                 ADD   R1 R1 #-3
(4010) 0411  0000010000010001 (  27)                 BRZ   FINISH
(4011) E03F  1110000000111111 (  30)                 LEA   R0 Label2
(4012) F022  1111000000100010 (  31)                 TRAP  x22
(4013) F023  1111000000100011 (  34)                 TRAP  x23
(4014) 1480  0001010010000000 (  35)                 ADD   R2 R2 R0
(4015) 14B1  0001010010110001 (  38)                 ADD   R2 R2 #-15
(4016) 14B1  0001010010110001 (  39)                 ADD   R2 R2 #-15
(4017) 14BE  0001010010111110 (  40)                 ADD   R2 R2 #-2
(4018) E052  1110000001010010 (  43)                 LEA   R0 Label3
(4019) F022  1111000000100010 (  44)                 TRAP  x22
(401A) 5020  0101000000100000 (  47) COUNTER         AND   R0 R0 #0
(401B) 1002  0001000000000010 (  48)                 ADD   R0 R0 R2
(401C) F021  1111000000100001 (  49)                 TRAP  x21
(401D) 127F  0001001001111111 (  50)                 ADD   R1 R1 #-1
(401E) 03FB  0000001111111011 (  51)                 BRP   COUNTER
(401F) E05F  1110000001011111 (  53)                 LEA   R0 Label5
(4020) F022  1111000000100010 (  54)                 TRAP  x22
(4021) 0FE2  0000111111100010 (  56)                 BRNZP LOOP
(4022) E058  1110000001011000 (  58) FINISH          LEA   R0 Label4
(4023) F022  1111000000100010 (  59)                 TRAP  x22
(4024) F025  1111000000100101 (  60)                 TRAP  x25
(4025) 0045  0000000001000101 (  62) Label1          .FILL x0045
(4026) 006E  0000000001101110 (  62)                 .FILL x006E
(4027) 0074  0000000001110100 (  62)                 .FILL x0074
(4028) 0065  0000000001100101 (  62)                 .FILL x0065
(4029) 0072  0000000001110010 (  62)                 .FILL x0072
(402A) 0020  0000000000100000 (  62)                 .FILL x0020
(402B) 0061  0000000001100001 (  62)                 .FILL x0061
(402C) 0020  0000000000100000 (  62)                 .FILL x0020
(402D) 006E  0000000001101110 (  62)                 .FILL x006E
(402E) 0075  0000000001110101 (  62)                 .FILL x0075
(402F) 006D  0000000001101101 (  62)                 .FILL x006D
(4030) 0062  0000000001100010 (  62)                 .FILL x0062
(4031) 0065  0000000001100101 (  62)                 .FILL x0065
(4032) 0072  0000000001110010 (  62)                 .FILL x0072
(4033) 0020  0000000000100000 (  62)                 .FILL x0020
(4034) 0062  0000000001100010 (  62)                 .FILL x0062
(4035) 0065  0000000001100101 (  62)                 .FILL x0065
(4036) 0074  0000000001110100 (  62)                 .FILL x0074
(4037) 0077  0000000001110111 (  62)                 .FILL x0077
(4038) 0065  0000000001100101 (  62)                 .FILL x0065
(4039) 0065  0000000001100101 (  62)                 .FILL x0065
(403A) 006E  0000000001101110 (  62)                 .FILL x006E
(403B) 0020  0000000000100000 (  62)                 .FILL x0020
(403C) 0030  0000000000110000 (  62)                 .FILL x0030
(403D) 0020  0000000000100000 (  62)                 .FILL x0020
(403E) 0061  0000000001100001 (  62)                 .FILL x0061
(403F) 006E  0000000001101110 (  62)                 .FILL x006E
(4040) 0064  0000000001100100 (  62)                 .FILL x0064
(4041) 0020  0000000000100000 (  62)                 .FILL x0020
(4042) 0038  0000000000111000 (  62)                 .FILL x0038
(4043) 0020  0000000000100000 (  62)                 .FILL x0020
(4044) 0028  0000000000101000 (  62)                 .FILL x0028
(4045) 0030  0000000000110000 (  62)                 .FILL x0030
(4046) 0020  0000000000100000 (  62)                 .FILL x0020
(4047) 0074  0000000001110100 (  62)                 .FILL x0074
(4048) 006F  0000000001101111 (  62)                 .FILL x006F
(4049) 0020  0000000000100000 (  62)                 .FILL x0020
(404A) 0065  0000000001100101 (  62)                 .FILL x0065
(404B) 0078  0000000001111000 (  62)                 .FILL x0078
(404C) 0069  0000000001101001 (  62)                 .FILL x0069
(404D) 0074  0000000001110100 (  62)                 .FILL x0074
(404E) 0029  0000000000101001 (  62)                 .FILL x0029
(404F) 003A  0000000000111010 (  62)                 .FILL x003A
(4050) 0000  0000000000000000 (  62)                 .FILL x0000
(4051) 0045  0000000001000101 (  63) Label2          .FILL x0045
(4052) 006E  0000000001101110 (  63)                 .FILL x006E
(4053) 0074  0000000001110100 (  63)                 .FILL x0074
(4054) 0065  0000000001100101 (  63)                 .FILL x0065
(4055) 0072  0000000001110010 (  63)                 .FILL x0072
(4056) 0020  0000000000100000 (  63)                 .FILL x0020
(4057) 0061  0000000001100001 (  63)                 .FILL x0061
(4058) 0020  0000000000100000 (  63)                 .FILL x0020
(4059) 006C  0000000001101100 (  63)                 .FILL x006C
(405A) 006F  0000000001101111 (  63)                 .FILL x006F
(405B) 0077  0000000001110111 (  63)                 .FILL x0077
(405C) 0065  0000000001100101 (  63)                 .FILL x0065
(405D) 0072  0000000001110010 (  63)                 .FILL x0072
(405E) 0063  0000000001100011 (  63)                 .FILL x0063
(405F) 0061  0000000001100001 (  63)                 .FILL x0061
(4060) 0073  0000000001110011 (  63)                 .FILL x0073
(4061) 0065  0000000001100101 (  63)                 .FILL x0065
(4062) 0020  0000000000100000 (  63)                 .FILL x0020
(4063) 006C  0000000001101100 (  63)                 .FILL x006C
(4064) 0065  0000000001100101 (  63)                 .FILL x0065
(4065) 0074  0000000001110100 (  63)                 .FILL x0074
(4066) 0074  0000000001110100 (  63)                 .FILL x0074
(4067) 0065  0000000001100101 (  63)                 .FILL x0065
(4068) 0072  0000000001110010 (  63)                 .FILL x0072
(4069) 003A  0000000000111010 (  63)                 .FILL x003A
(406A) 0000  0000000000000000 (  63)                 .FILL x0000
(406B) 0054  0000000001010100 (  64) Label3          .FILL x0054
(406C) 0068  0000000001101000 (  64)                 .FILL x0068
(406D) 0065  0000000001100101 (  64)                 .FILL x0065
(406E) 0020  0000000000100000 (  64)                 .FILL x0020
(406F) 006F  0000000001101111 (  64)                 .FILL x006F
(4070) 0075  0000000001110101 (  64)                 .FILL x0075
(4071) 0074  0000000001110100 (  64)                 .FILL x0074
(4072) 0070  0000000001110000 (  64)                 .FILL x0070
(4073) 0075  0000000001110101 (  64)                 .FILL x0075
(4074) 0074  0000000001110100 (  64)                 .FILL x0074
(4075) 0020  0000000000100000 (  64)                 .FILL x0020
(4076) 0069  0000000001101001 (  64)                 .FILL x0069
(4077) 0073  0000000001110011 (  64)                 .FILL x0073
(4078) 003A  0000000000111010 (  64)                 .FILL x003A
(4079) 0020  0000000000100000 (  64)                 .FILL x0020
(407A) 0000  0000000000000000 (  64)                 .FILL x0000
(407B) 0042  0000000001000010 (  65) Label4          .FILL x0042
(407C) 0079  0000000001111001 (  65)                 .FILL x0079
(407D) 0065  0000000001100101 (  65)                 .FILL x0065
(407E) 0000  0000000000000000 (  65)                 .FILL x0000
(407F) 000A  0000000000001010 (  66) Label5          .FILL x000A
(4080) 0000  0000000000000000 (  66)                 .FILL x0000
